Performing C SOURCE FILE Test CMAKE_HAVE_LIBC_PTHREAD failed with the following output:
Change Dir: /ACGC-PC-Port/droidports/CMakeFiles/CMakeTmp

Run Build Command(s):/usr/bin/gmake cmTC_64196/fast && /usr/bin/gmake  -f CMakeFiles/cmTC_64196.dir/build.make CMakeFiles/cmTC_64196.dir/build
gmake[1]: Verzeichnis „/ACGC-PC-Port/droidports/CMakeFiles/CMakeTmp“ wird betreten
Building C object CMakeFiles/cmTC_64196.dir/src.c.o
/usr/bin/cc   -D_GNU_SOURCE=1 -Wfloat-conversion -DCMAKE_HAVE_LIBC_PTHREAD -o CMakeFiles/cmTC_64196.dir/src.c.o -c /ACGC-PC-Port/droidports/CMakeFiles/CMakeTmp/src.c
Linking C executable cmTC_64196
/usr/bin/cmake -E cmake_link_script CMakeFiles/cmTC_64196.dir/link.txt --verbose=1
/usr/bin/cc  -D_GNU_SOURCE=1 -Wfloat-conversion -DCMAKE_HAVE_LIBC_PTHREAD CMakeFiles/cmTC_64196.dir/src.c.o -o cmTC_64196 
/usr/bin/ld: CMakeFiles/cmTC_64196.dir/src.c.o: in function `main':
src.c:(.text+0x26): undefined reference to `pthread_create'
/usr/bin/ld: src.c:(.text+0x2e): undefined reference to `pthread_detach'
/usr/bin/ld: src.c:(.text+0x36): undefined reference to `pthread_cancel'
/usr/bin/ld: src.c:(.text+0x40): undefined reference to `pthread_join'
collect2: error: ld returned 1 exit status
gmake[1]: *** [CMakeFiles/cmTC_64196.dir/build.make:106: cmTC_64196] Fehler 1
gmake[1]: Verzeichnis „/ACGC-PC-Port/droidports/CMakeFiles/CMakeTmp“ wird verlassen
gmake: *** [Makefile:140: cmTC_64196/fast] Fehler 2


Source file was:
#include <pthread.h>

void* test_func(void* data)
{
  return data;
}

int main(void)
{
  pthread_t thread;
  pthread_create(&thread, NULL, test_func, NULL);
  pthread_detach(thread);
  pthread_cancel(thread);
  pthread_join(thread, NULL);
  pthread_atfork(NULL, NULL, NULL);
  pthread_exit(NULL);

  return 0;
}

Determining if the function pthread_create exists in the pthreads failed with the following output:
Change Dir: /ACGC-PC-Port/droidports/CMakeFiles/CMakeTmp

Run Build Command(s):/usr/bin/gmake cmTC_a90f9/fast && /usr/bin/gmake  -f CMakeFiles/cmTC_a90f9.dir/build.make CMakeFiles/cmTC_a90f9.dir/build
gmake[1]: Verzeichnis „/ACGC-PC-Port/droidports/CMakeFiles/CMakeTmp“ wird betreten
Building C object CMakeFiles/cmTC_a90f9.dir/CheckFunctionExists.c.o
/usr/bin/cc   -D_GNU_SOURCE=1 -Wfloat-conversion -DCHECK_FUNCTION_EXISTS=pthread_create -o CMakeFiles/cmTC_a90f9.dir/CheckFunctionExists.c.o -c /usr/share/cmake-3.18/Modules/CheckFunctionExists.c
Linking C executable cmTC_a90f9
/usr/bin/cmake -E cmake_link_script CMakeFiles/cmTC_a90f9.dir/link.txt --verbose=1
/usr/bin/cc  -D_GNU_SOURCE=1 -Wfloat-conversion -DCHECK_FUNCTION_EXISTS=pthread_create CMakeFiles/cmTC_a90f9.dir/CheckFunctionExists.c.o -o cmTC_a90f9  -lpthreads 
/usr/bin/ld: cannot find -lpthreads
collect2: error: ld returned 1 exit status
gmake[1]: *** [CMakeFiles/cmTC_a90f9.dir/build.make:106: cmTC_a90f9] Fehler 1
gmake[1]: Verzeichnis „/ACGC-PC-Port/droidports/CMakeFiles/CMakeTmp“ wird verlassen
gmake: *** [Makefile:140: cmTC_a90f9/fast] Fehler 2



